2024-06-21 15:24:36 INFO  e-commerce:24 - Entered Username, Password
2024-06-21 15:24:39 INFO  e-commerce:26 - Login Page is opened
2024-06-21 16:09:50 INFO  e-commerce:24 - Entered Username, Password
2024-06-21 16:09:53 INFO  e-commerce:26 - Login Page is opened
2024-06-21 16:13:31 INFO  e-commerce:24 - Entered Username, Password
2024-06-21 16:13:33 INFO  e-commerce:26 - Login Page is opened
2024-06-21 16:13:33 INFO  e-commerce:29 - Login Test Passed
2024-06-21 16:21:31 INFO  e-commerce:24 - Entered Username, Password
2024-06-21 16:21:32 INFO  e-commerce:26 - Login Page is opened
2024-06-21 16:21:33 INFO  e-commerce:29 - Login Test Passed
2024-06-21 17:26:22 INFO  e-commerce:22 - Entered Username, Password
2024-06-21 17:26:25 INFO  e-commerce:26 - Products Page is opened
2024-06-21 17:26:38 INFO  e-commerce:36 - Providing Customer Details
2024-06-21 17:32:28 INFO  e-commerce:22 - Entered Username, Password
2024-06-21 17:32:32 INFO  e-commerce:26 - Products Page is opened
2024-06-21 17:32:50 INFO  e-commerce:36 - Providing Customer Details
2024-06-21 17:36:20 INFO  e-commerce:22 - Entered Username, Password
2024-06-21 17:36:23 INFO  e-commerce:26 - Products Page is opened
2024-06-21 17:36:35 INFO  e-commerce:36 - Providing Customer Details
2024-06-21 17:40:05 INFO  e-commerce:22 - Entered Username, Password
2024-06-21 17:40:07 INFO  e-commerce:26 - Products Page is opened
2024-06-21 17:40:21 INFO  e-commerce:36 - Providing Customer Details
2024-06-21 17:41:05 INFO  e-commerce:73 - Validation Started!
2024-06-21 17:41:05 INFO  e-commerce:82 - Test Case Failed
2024-06-21 17:48:13 INFO  e-commerce:22 - Entered Username, Password
2024-06-21 17:48:16 INFO  e-commerce:26 - Products Page is opened
2024-06-21 17:48:28 INFO  e-commerce:36 - Providing Customer Details
2024-06-21 17:49:12 INFO  e-commerce:73 - Validation Started!
2024-06-21 17:49:13 INFO  e-commerce:82 - Test Case Failed
2024-06-22 12:26:14 INFO  e-commerce:23 - Entered Username, Password
2024-06-22 12:26:17 INFO  e-commerce:27 - Products Page is opened
2024-06-22 12:26:29 INFO  e-commerce:37 - Providing Customer Details
2024-06-22 12:27:13 INFO  e-commerce:74 - Validation Started!
2024-06-22 12:27:14 INFO  e-commerce:83 - Test Case Failed
2024-06-22 12:28:18 INFO  e-commerce:23 - Entered Username, Password
2024-06-22 12:28:21 INFO  e-commerce:27 - Products Page is opened
2024-06-22 12:28:34 INFO  e-commerce:37 - Providing Customer Details
2024-06-22 12:29:18 INFO  e-commerce:74 - Validation Started!
2024-06-22 12:29:18 INFO  e-commerce:83 - Test Case Failed
2024-06-22 13:21:03 INFO  e-commerce:21 - Entered Username, Password
2024-06-22 13:21:05 INFO  e-commerce:25 - Shipments Page is opened
2024-06-22 13:22:25 INFO  e-commerce:21 - Entered Username, Password
2024-06-22 13:22:27 INFO  e-commerce:25 - Shipments Page is opened
2024-06-22 13:25:28 INFO  e-commerce:21 - Entered Username, Password
2024-06-22 13:25:30 INFO  e-commerce:25 - Shipments Page is opened
2024-06-22 13:26:22 INFO  e-commerce:51 - Test Case Passed
2024-06-22 13:34:33 INFO  e-commerce:19 - Entered Username, Password
2024-06-22 13:34:34 INFO  e-commerce:23 - Search message templates Page is opened
2024-06-22 13:35:10 INFO  e-commerce:37 - Test Case Passed
2024-06-22 15:23:26 INFO  e-commerce:19 - Entered Username, Password
2024-06-22 15:23:28 INFO  e-commerce:23 - Product tags Page is opened
2024-06-22 15:23:56 INFO  e-commerce:38 - Validation Started!
2024-06-22 15:23:56 INFO  e-commerce:44 - Test Case Passed
2024-06-22 16:00:13 INFO  e-commerce:19 - Entered Username, Password
2024-06-22 16:00:18 INFO  e-commerce:23 - Product tags Page is opened
2024-06-22 16:00:44 INFO  e-commerce:38 - Validation Started!
2024-06-22 16:00:44 INFO  e-commerce:44 - Test Case Passed
2024-06-22 16:41:10 INFO  e-commerce:19 - Entered Username, Password
2024-06-22 16:41:13 INFO  e-commerce:23 - Product reviews Page is opened
2024-06-22 16:43:30 INFO  e-commerce:19 - Entered Username, Password
2024-06-22 16:43:33 INFO  e-commerce:23 - Product reviews Page is opened
2024-06-22 16:47:25 INFO  e-commerce:19 - Entered Username, Password
2024-06-22 16:47:27 INFO  e-commerce:23 - Product reviews Page is opened
2024-06-22 16:48:16 INFO  e-commerce:48 - Validation Started!
2024-06-22 16:48:17 INFO  e-commerce:54 - Test Case Passed
2024-06-23 12:45:30 INFO  e-commerce:19 - Entered Username, Password
2024-06-23 12:45:33 INFO  e-commerce:23 - Logout Page is opened
2024-06-23 12:45:42 INFO  e-commerce:31 - Validation Started!
2024-06-23 12:45:42 INFO  e-commerce:37 - Test Case Passed
2024-06-23 12:46:13 INFO  e-commerce:19 - Entered Username, Password
2024-06-23 12:46:16 INFO  e-commerce:23 - Logout Page is opened
2024-06-23 12:46:24 INFO  e-commerce:31 - Validation Started!
2024-06-23 12:46:24 INFO  e-commerce:37 - Test Case Passed
2024-06-23 12:50:41 INFO  e-commerce:19 - Entered Username, Password
2024-06-23 12:50:43 INFO  e-commerce:23 - Logout Page is opened
2024-06-23 12:50:53 INFO  e-commerce:31 - Validation Started!
2024-06-23 12:50:53 INFO  e-commerce:37 - Test Case Passed
2024-06-23 15:18:24 INFO  e-commerce:19 - Entered Username, Password
2024-06-23 15:18:26 INFO  e-commerce:23 - Specification attributes Page is opened
2024-06-23 15:23:25 INFO  e-commerce:19 - Entered Username, Password
2024-06-23 15:23:28 INFO  e-commerce:23 - Specification attributes Page is opened
2024-06-23 15:23:49 INFO  e-commerce:19 - Entered Username, Password
2024-06-23 15:23:51 INFO  e-commerce:23 - Specification attributes Page is opened
2024-06-23 15:24:24 INFO  e-commerce:44 - Validation Started!
2024-06-23 15:24:24 INFO  e-commerce:50 - Test Case Passed
2024-06-23 15:25:04 INFO  e-commerce:19 - Entered Username, Password
2024-06-23 15:25:27 INFO  e-commerce:19 - Entered Username, Password
2024-06-23 15:25:29 INFO  e-commerce:23 - Specification attributes Page is opened
2024-06-23 15:26:02 INFO  e-commerce:44 - Validation Started!
2024-06-23 15:26:02 INFO  e-commerce:50 - Test Case Passed
2024-06-23 15:53:39 INFO  e-commerce:19 - Entered Username, Password
2024-06-23 15:53:42 INFO  e-commerce:23 - Specification attributes Page is opened
2024-06-23 15:54:14 INFO  e-commerce:44 - Validation Started!
2024-06-23 15:54:15 INFO  e-commerce:53 - Test Case Failed
2024-06-23 15:57:51 INFO  e-commerce:23 - Entered Username, Password
2024-06-23 15:57:54 INFO  e-commerce:27 - Products Page is opened
2024-06-23 15:58:09 INFO  e-commerce:37 - Providing Customer Details
2024-06-23 15:58:57 INFO  e-commerce:74 - Validation Started!
2024-06-23 15:58:58 INFO  e-commerce:83 - Test Case Failed
2024-06-23 16:03:18 INFO  e-commerce:23 - Entered Username, Password
2024-06-23 16:03:20 INFO  e-commerce:27 - Products Page is opened
2024-06-23 16:03:33 INFO  e-commerce:37 - Providing Customer Details
2024-06-23 16:04:17 INFO  e-commerce:74 - Validation Started!
2024-06-23 16:04:17 INFO  e-commerce:83 - Test Case Failed
2024-06-23 16:07:07 INFO  e-commerce:23 - Entered Username, Password
2024-06-23 16:07:09 INFO  e-commerce:27 - Products Page is opened
2024-06-23 16:07:22 INFO  e-commerce:37 - Providing Customer Details
2024-06-23 16:08:06 INFO  e-commerce:74 - Validation Started!
2024-06-23 16:08:06 INFO  e-commerce:83 - Test Case Failed
2024-06-23 16:09:19 INFO  e-commerce:23 - Entered Username, Password
2024-06-23 16:09:22 INFO  e-commerce:27 - Products Page is opened
2024-06-23 16:09:34 INFO  e-commerce:37 - Providing Customer Details
2024-06-23 16:10:19 INFO  e-commerce:74 - Validation Started!
2024-06-23 16:10:19 INFO  e-commerce:83 - Test Case Failed
2024-06-23 16:15:32 INFO  e-commerce:23 - Entered Username, Password
2024-06-23 16:15:34 INFO  e-commerce:27 - Products Page is opened
2024-06-23 16:15:47 INFO  e-commerce:37 - Providing Customer Details
2024-06-23 16:16:34 INFO  e-commerce:78 - Validation Started!
2024-06-23 16:59:02 INFO  e-commerce:23 - Entered Username, Password
2024-06-23 16:59:04 INFO  e-commerce:27 - Products Page is opened
2024-06-23 16:59:14 INFO  e-commerce:37 - Providing Customer Details
2024-06-23 17:08:00 INFO  e-commerce:23 - Entered Username, Password
2024-06-23 17:08:01 INFO  e-commerce:27 - Products Page is opened
2024-06-23 17:08:12 INFO  e-commerce:37 - Providing Customer Details
2024-06-23 17:10:39 INFO  e-commerce:23 - Entered Username, Password
2024-06-23 17:10:41 INFO  e-commerce:27 - Products Page is opened
2024-06-23 17:10:52 INFO  e-commerce:37 - Providing Customer Details
2024-06-23 17:11:37 INFO  e-commerce:78 - Validation Started!
2024-06-23 17:29:12 INFO  e-commerce:23 - Entered Username, Password
2024-06-23 17:29:13 INFO  e-commerce:27 - Products Page is opened
2024-06-23 17:29:24 INFO  e-commerce:37 - Providing Customer Details
2024-06-23 17:30:09 INFO  e-commerce:78 - Validation Started!
2024-06-23 19:18:39 INFO  e-commerce:23 - Entered Username, Password
2024-06-23 19:18:42 INFO  e-commerce:27 - Products Page is opened
2024-06-23 19:18:54 INFO  e-commerce:37 - Providing Customer Details
2024-06-23 19:22:15 INFO  e-commerce:23 - Entered Username, Password
2024-06-23 19:22:18 INFO  e-commerce:27 - Products Page is opened
2024-06-23 19:22:31 INFO  e-commerce:37 - Providing Customer Details
2024-06-23 19:29:18 INFO  e-commerce:23 - Entered Username, Password
2024-06-23 19:29:20 INFO  e-commerce:27 - Products Page is opened
2024-06-23 19:29:33 INFO  e-commerce:37 - Providing Customer Details
2024-06-23 19:30:42 INFO  e-commerce:78 - Validation Started!
2024-06-23 19:31:50 INFO  e-commerce:23 - Entered Username, Password
2024-06-23 19:31:52 INFO  e-commerce:27 - Products Page is opened
2024-06-23 19:32:03 INFO  e-commerce:37 - Providing Customer Details
2024-06-23 19:33:07 INFO  e-commerce:78 - Validation Started!
2024-06-23 19:35:17 INFO  e-commerce:23 - Entered Username, Password
2024-06-23 19:35:20 INFO  e-commerce:27 - Products Page is opened
2024-06-23 19:35:35 INFO  e-commerce:37 - Providing Customer Details
2024-06-23 19:36:44 INFO  e-commerce:80 - Validation Started!
2024-06-23 19:36:44 INFO  e-commerce:86 - Test Case Passed
2024-06-23 19:39:45 INFO  e-commerce:23 - Entered Username, Password
2024-06-23 19:39:48 INFO  e-commerce:27 - Products Page is opened
2024-06-23 19:40:01 INFO  e-commerce:37 - Providing Customer Details
2024-06-23 19:41:09 INFO  e-commerce:82 - Validation Started!
2024-06-23 19:41:10 INFO  e-commerce:88 - Test Case Passed
2024-06-23 20:12:10 INFO  e-commerce:19 - Entered Username, Password
2024-06-23 20:12:12 INFO  e-commerce:23 - Product attributes Page is opened
2024-06-23 20:12:41 INFO  e-commerce:47 - Validation Started!
2024-06-23 20:12:41 INFO  e-commerce:53 - Test Case Passed
2024-06-24 01:08:07 INFO  e-commerce:18 - Entered Username, Password
2024-06-24 01:10:01 INFO  e-commerce:18 - Entered Username, Password
2024-06-24 01:10:03 INFO  e-commerce:22 - Manufacturers Page is opened
2024-06-24 09:52:08 INFO  e-commerce:18 - Entered Username, Password
2024-06-24 09:52:11 INFO  e-commerce:22 - Manufacturers Page is opened
2024-06-24 09:53:47 INFO  e-commerce:18 - Entered Username, Password
2024-06-24 09:53:49 INFO  e-commerce:22 - Manufacturers Page is opened
2024-06-24 09:58:17 INFO  e-commerce:18 - Entered Username, Password
2024-06-24 09:58:19 INFO  e-commerce:22 - Manufacturers Page is opened
2024-06-24 10:43:17 INFO  e-commerce:18 - Entered Username, Password
2024-06-24 10:43:19 INFO  e-commerce:22 - Manufacturers Page is opened
2024-06-24 10:54:31 INFO  e-commerce:18 - Entered Username, Password
2024-06-24 10:54:34 INFO  e-commerce:22 - Manufacturers Page is opened
2024-06-24 15:17:37 INFO  e-commerce:18 - Entered Username, Password
2024-06-24 15:17:38 INFO  e-commerce:22 - Manufacturers Page is opened
2024-06-24 15:19:38 INFO  e-commerce:18 - Entered Username, Password
2024-06-24 15:19:40 INFO  e-commerce:22 - Manufacturers Page is opened
2024-06-24 15:25:47 INFO  e-commerce:18 - Entered Username, Password
2024-06-24 15:25:49 INFO  e-commerce:22 - Manufacturers Page is opened
2024-06-24 15:28:56 INFO  e-commerce:18 - Entered Username, Password
2024-06-24 15:28:58 INFO  e-commerce:22 - Manufacturers Page is opened
2024-06-24 15:49:24 INFO  e-commerce:18 - Entered Username, Password
2024-06-24 15:49:25 INFO  e-commerce:22 - Manufacturers Page is opened
2024-06-24 15:52:25 INFO  e-commerce:18 - Entered Username, Password
2024-06-24 15:52:27 INFO  e-commerce:22 - Manufacturers Page is opened
2024-06-24 23:33:16 INFO  e-commerce:18 - Entered Username, Password
2024-06-24 23:33:19 INFO  e-commerce:22 - Manufacturers Page is opened
2024-06-24 23:37:28 INFO  e-commerce:18 - Entered Username, Password
2024-06-24 23:37:30 INFO  e-commerce:22 - Manufacturers Page is opened
2024-06-24 23:46:02 INFO  e-commerce:18 - Entered Username, Password
2024-06-24 23:46:04 INFO  e-commerce:22 - Manufacturers Page is opened
2024-06-24 23:50:40 INFO  e-commerce:18 - Entered Username, Password
2024-06-24 23:50:42 INFO  e-commerce:22 - Manufacturers Page is opened
2024-06-24 23:56:11 INFO  e-commerce:18 - Entered Username, Password
2024-06-24 23:56:13 INFO  e-commerce:22 - Manufacturers Page is opened
2024-06-25 00:05:49 INFO  e-commerce:18 - Entered Username, Password
2024-06-25 00:05:52 INFO  e-commerce:22 - Manufacturers Page is opened
2024-06-25 00:08:55 INFO  e-commerce:18 - Entered Username, Password
2024-06-25 00:08:57 INFO  e-commerce:22 - Manufacturers Page is opened
2024-06-25 00:11:54 INFO  e-commerce:18 - Entered Username, Password
2024-06-25 00:11:55 INFO  e-commerce:22 - Manufacturers Page is opened
2024-06-25 00:13:49 INFO  e-commerce:18 - Entered Username, Password
2024-06-25 00:13:51 INFO  e-commerce:22 - Manufacturers Page is opened
2024-06-25 01:04:31 INFO  e-commerce:18 - Entered Username, Password
2024-06-25 01:04:34 INFO  e-commerce:22 - Manufacturers Page is opened
2024-06-25 01:08:12 INFO  e-commerce:18 - Entered Username, Password
2024-06-25 01:08:15 INFO  e-commerce:22 - Manufacturers Page is opened
2024-06-25 01:13:03 INFO  e-commerce:18 - Entered Username, Password
2024-06-25 01:13:05 INFO  e-commerce:22 - Manufacturers Page is opened
2024-06-25 01:14:11 INFO  e-commerce:18 - Entered Username, Password
2024-06-25 01:14:13 INFO  e-commerce:22 - Manufacturers Page is opened
2024-06-25 01:17:07 INFO  e-commerce:18 - Entered Username, Password
2024-06-25 01:17:09 INFO  e-commerce:22 - Manufacturers Page is opened
2024-06-25 01:18:58 INFO  e-commerce:18 - Entered Username, Password
2024-06-25 01:19:00 INFO  e-commerce:22 - Manufacturers Page is opened
2024-06-25 01:20:07 INFO  e-commerce:18 - Entered Username, Password
2024-06-25 01:20:09 INFO  e-commerce:22 - Manufacturers Page is opened
2024-06-25 01:27:25 INFO  e-commerce:19 - Entered Username, Password
2024-06-25 01:27:26 INFO  e-commerce:23 - Manufacturers Page is opened
2024-06-25 01:28:27 INFO  e-commerce:65 - Validation Started!
2024-06-25 01:28:28 INFO  e-commerce:72 - Test Case Passed
2024-06-25 01:29:54 INFO  e-commerce:19 - Entered Username, Password
2024-06-25 01:29:56 INFO  e-commerce:23 - Manufacturers Page is opened
2024-06-25 01:31:00 INFO  e-commerce:65 - Validation Started!
2024-06-25 01:31:00 INFO  e-commerce:72 - Test Case Passed
2024-06-25 11:23:42 INFO  e-commerce:25 - Entered Username, Password
2024-06-25 11:23:54 INFO  e-commerce:29 - Products Page is opened
2024-06-25 11:26:09 INFO  e-commerce:25 - Entered Username, Password
2024-06-25 11:26:11 INFO  e-commerce:29 - Products Page is opened
2024-06-25 11:26:23 INFO  e-commerce:39 - Providing Customer Details
2024-06-25 11:27:27 INFO  e-commerce:84 - Validation Started!
2024-06-25 11:27:27 INFO  e-commerce:90 - Test Case Passed
2024-06-25 12:02:31 INFO  e-commerce:19 - Entered Username, Password
2024-06-25 12:02:34 INFO  e-commerce:23 - Discounts Page is opened
2024-06-25 12:04:07 INFO  e-commerce:19 - Entered Username, Password
2024-06-25 12:04:10 INFO  e-commerce:23 - Discounts Page is opened
2024-06-25 12:07:44 INFO  e-commerce:19 - Entered Username, Password
2024-06-25 12:08:42 INFO  e-commerce:23 - Discounts Page is opened
2024-06-25 12:09:07 INFO  e-commerce:19 - Entered Username, Password
2024-06-25 12:09:56 INFO  e-commerce:23 - Discounts Page is opened
2024-06-25 14:51:18 INFO  e-commerce:20 - Entered Username, Password
2024-06-25 14:51:20 INFO  e-commerce:24 - Discounts Page is opened
2024-06-25 14:54:41 INFO  e-commerce:20 - Entered Username, Password
2024-06-25 14:54:44 INFO  e-commerce:24 - Discounts Page is opened
2024-06-25 14:57:02 INFO  e-commerce:20 - Entered Username, Password
2024-06-25 14:57:05 INFO  e-commerce:24 - Discounts Page is opened
2024-06-25 14:58:28 INFO  e-commerce:64 - Validation Started!
2024-06-25 14:58:28 INFO  e-commerce:70 - Test Case Passed
2024-06-25 15:00:47 INFO  e-commerce:20 - Entered Username, Password
2024-06-25 15:00:50 INFO  e-commerce:24 - Discounts Page is opened
2024-06-25 15:02:11 INFO  e-commerce:64 - Validation Started!
2024-06-25 15:02:11 INFO  e-commerce:70 - Test Case Passed
2024-06-25 15:17:39 INFO  e-commerce:20 - Entered Username, Password
2024-06-25 15:17:42 INFO  e-commerce:24 - Discounts Page is opened
2024-06-25 15:18:25 INFO  e-commerce:20 - Entered Username, Password
2024-06-25 15:18:27 INFO  e-commerce:24 - Discounts Page is opened
2024-06-25 15:19:26 INFO  e-commerce:20 - Entered Username, Password
2024-06-25 15:19:28 INFO  e-commerce:24 - Discounts Page is opened
2024-06-25 15:22:05 INFO  e-commerce:20 - Entered Username, Password
2024-06-25 15:22:07 INFO  e-commerce:24 - Discounts Page is opened
2024-06-25 15:22:57 INFO  e-commerce:20 - Entered Username, Password
2024-06-25 15:23:00 INFO  e-commerce:24 - Discounts Page is opened
2024-06-25 15:25:38 INFO  e-commerce:20 - Entered Username, Password
2024-06-25 15:25:41 INFO  e-commerce:24 - Discounts Page is opened
2024-06-25 15:27:23 INFO  e-commerce:20 - Entered Username, Password
2024-06-25 15:27:26 INFO  e-commerce:24 - Discounts Page is opened
2024-06-25 15:29:26 INFO  e-commerce:20 - Entered Username, Password
2024-06-25 15:29:29 INFO  e-commerce:24 - Discounts Page is opened
2024-06-25 15:31:11 INFO  e-commerce:20 - Entered Username, Password
2024-06-25 15:31:14 INFO  e-commerce:24 - Discounts Page is opened
2024-06-25 15:38:50 INFO  e-commerce:20 - Entered Username, Password
2024-06-25 15:38:52 INFO  e-commerce:24 - Discounts Page is opened
2024-06-25 15:40:12 INFO  e-commerce:66 - Validation Started!
2024-06-25 15:40:12 INFO  e-commerce:72 - Test Case Passed
2024-06-25 15:41:37 INFO  e-commerce:20 - Entered Username, Password
2024-06-25 15:41:41 INFO  e-commerce:24 - Discounts Page is opened
2024-06-25 15:43:03 INFO  e-commerce:66 - Validation Started!
2024-06-25 15:43:03 INFO  e-commerce:72 - Test Case Passed
2024-06-25 15:44:14 INFO  e-commerce:20 - Entered Username, Password
2024-06-25 15:44:17 INFO  e-commerce:24 - Discounts Page is opened
2024-06-25 15:45:39 INFO  e-commerce:66 - Validation Started!
2024-06-25 15:45:39 INFO  e-commerce:72 - Test Case Passed
2024-06-25 15:47:28 INFO  e-commerce:20 - Entered Username, Password
2024-06-25 15:47:30 INFO  e-commerce:24 - Discounts Page is opened
2024-06-25 15:48:50 INFO  e-commerce:66 - Validation Started!
2024-06-25 15:48:50 INFO  e-commerce:72 - Test Case Passed
2024-06-25 16:06:41 INFO  e-commerce:20 - Entered Username, Password
2024-06-25 16:06:42 INFO  e-commerce:24 - Discounts Page is opened
2024-06-25 16:08:20 INFO  e-commerce:66 - Validation Started!
2024-06-25 16:08:20 INFO  e-commerce:75 - Test Case Failed
2024-06-25 16:22:15 INFO  e-commerce:20 - Entered Username, Password
2024-06-25 16:22:17 INFO  e-commerce:24 - Discounts Page is opened
2024-06-25 16:24:05 INFO  e-commerce:20 - Entered Username, Password
2024-06-25 16:24:07 INFO  e-commerce:24 - Discounts Page is opened
2024-06-25 16:25:05 INFO  e-commerce:20 - Entered Username, Password
2024-06-25 16:25:06 INFO  e-commerce:24 - Discounts Page is opened
2024-06-25 16:25:38 INFO  e-commerce:20 - Entered Username, Password
2024-06-25 16:25:41 INFO  e-commerce:24 - Discounts Page is opened
2024-06-25 16:29:07 INFO  e-commerce:20 - Entered Username, Password
2024-06-25 16:29:09 INFO  e-commerce:24 - Discounts Page is opened
2024-06-25 16:30:51 INFO  e-commerce:66 - Validation 1 Started!
2024-06-25 16:30:51 INFO  e-commerce:75 - Validation 1 Failed!
2024-06-25 16:43:43 INFO  e-commerce:20 - Entered Username, Password
2024-06-25 16:43:45 INFO  e-commerce:24 - Discounts Page is opened
2024-06-25 16:47:26 INFO  e-commerce:20 - Entered Username, Password
2024-06-25 16:47:29 INFO  e-commerce:24 - Discounts Page is opened
2024-06-25 16:49:11 INFO  e-commerce:66 - Validation 1 Started!
2024-06-25 16:49:11 INFO  e-commerce:75 - Validation 1 Failed!
2024-06-25 16:51:00 INFO  e-commerce:20 - Entered Username, Password
2024-06-25 16:51:03 INFO  e-commerce:24 - Discounts Page is opened
2024-06-25 16:53:37 INFO  e-commerce:20 - Entered Username, Password
2024-06-25 16:53:39 INFO  e-commerce:24 - Discounts Page is opened
2024-06-25 16:55:48 INFO  e-commerce:20 - Entered Username, Password
2024-06-25 16:55:50 INFO  e-commerce:24 - Discounts Page is opened
2024-06-25 16:57:33 INFO  e-commerce:66 - Validation 1 Started!
2024-06-25 16:57:33 INFO  e-commerce:75 - Validation 1 Failed!
2024-06-25 17:15:00 INFO  e-commerce:19 - Entered Username, Password
2024-06-25 17:15:04 INFO  e-commerce:23 - Customers Page is opened
2024-06-25 17:22:03 INFO  e-commerce:19 - Entered Username, Password
2024-06-25 17:22:05 INFO  e-commerce:23 - Customers Page is opened
2024-06-25 17:24:09 INFO  e-commerce:19 - Entered Username, Password
2024-06-25 17:24:12 INFO  e-commerce:23 - Customers Page is opened
2024-06-25 17:55:38 INFO  e-commerce:19 - Entered Username, Password
2024-06-25 17:55:40 INFO  e-commerce:23 - Customers Page is opened
2024-06-25 17:57:44 INFO  e-commerce:19 - Entered Username, Password
2024-06-25 17:57:45 INFO  e-commerce:23 - Customers Page is opened
2024-06-25 17:59:54 INFO  e-commerce:19 - Entered Username, Password
2024-06-25 17:59:56 INFO  e-commerce:23 - Customers Page is opened
2024-06-25 18:00:54 INFO  e-commerce:63 - Validation Started!
2024-06-25 18:00:54 INFO  e-commerce:72 - Test case Failed!
2024-06-25 18:04:54 INFO  e-commerce:19 - Entered Username, Password
2024-06-25 18:04:55 INFO  e-commerce:23 - Customers Page is opened
2024-06-25 18:13:11 INFO  e-commerce:19 - Entered Username, Password
2024-06-25 18:13:13 INFO  e-commerce:23 - Customers Page is opened
2024-06-25 18:15:22 INFO  e-commerce:19 - Entered Username, Password
2024-06-25 18:15:23 INFO  e-commerce:23 - Customers Page is opened
2024-06-25 18:23:15 INFO  e-commerce:19 - Entered Username, Password
2024-06-25 18:23:16 INFO  e-commerce:23 - Customers Page is opened
2024-06-25 18:32:46 INFO  e-commerce:19 - Entered Username, Password
2024-06-25 18:32:47 INFO  e-commerce:23 - Customers Page is opened
2024-06-25 19:04:38 INFO  e-commerce:19 - Entered Username, Password
2024-06-25 19:04:40 INFO  e-commerce:23 - Customers Page is opened
2024-06-25 19:05:41 INFO  e-commerce:63 - Validation Started!
2024-06-25 19:05:41 INFO  e-commerce:72 - Test case Failed!
2024-06-25 22:02:52 INFO  e-commerce:19 - Entered Username, Password
2024-06-25 22:02:55 INFO  e-commerce:23 - Customers Page is opened
2024-06-25 22:06:49 INFO  e-commerce:19 - Entered Username, Password
2024-06-25 22:06:52 INFO  e-commerce:23 - Customers Page is opened
2024-06-25 22:12:08 INFO  e-commerce:19 - Entered Username, Password
2024-06-25 22:12:11 INFO  e-commerce:23 - Customers Page is opened
2024-06-25 22:17:49 INFO  e-commerce:19 - Entered Username, Password
2024-06-25 22:17:51 INFO  e-commerce:23 - Customers Page is opened
2024-06-25 22:20:33 INFO  e-commerce:19 - Entered Username, Password
2024-06-25 22:20:36 INFO  e-commerce:23 - Customers Page is opened
2024-06-25 22:21:24 INFO  e-commerce:19 - Entered Username, Password
2024-06-25 22:21:26 INFO  e-commerce:23 - Customers Page is opened
2024-06-25 22:23:10 INFO  e-commerce:19 - Entered Username, Password
2024-06-25 22:23:12 INFO  e-commerce:23 - Customers Page is opened
2024-06-25 22:37:11 INFO  e-commerce:19 - Entered Username, Password
2024-06-25 22:37:14 INFO  e-commerce:23 - Customers Page is opened
2024-06-25 22:39:41 INFO  e-commerce:19 - Entered Username, Password
2024-06-25 22:39:42 INFO  e-commerce:23 - Customers Page is opened
2024-06-25 22:40:39 INFO  e-commerce:63 - Validation Started!
2024-06-25 22:40:39 INFO  e-commerce:69 - Test case Passed!
2024-06-26 09:38:12 INFO  e-commerce:19 - Entered Username, Password
2024-06-26 09:38:14 INFO  e-commerce:23 - Customer roles Page is opened
2024-06-26 09:39:06 INFO  e-commerce:19 - Entered Username, Password
2024-06-26 09:39:07 INFO  e-commerce:23 - Customer roles Page is opened
2024-06-26 09:41:59 INFO  e-commerce:19 - Entered Username, Password
2024-06-26 09:42:02 INFO  e-commerce:23 - Customer roles Page is opened
2024-06-26 10:19:31 INFO  e-commerce:19 - Entered Username, Password
2024-06-26 10:19:33 INFO  e-commerce:23 - Customer roles Page is opened
2024-06-26 10:30:39 INFO  e-commerce:19 - Entered Username, Password
2024-06-26 10:30:42 INFO  e-commerce:23 - Customer roles Page is opened
2024-06-26 10:34:36 INFO  e-commerce:19 - Entered Username, Password
2024-06-26 10:34:38 INFO  e-commerce:23 - Customer roles Page is opened
2024-06-26 10:37:19 INFO  e-commerce:19 - Entered Username, Password
2024-06-26 10:37:22 INFO  e-commerce:23 - Customer roles Page is opened
2024-06-26 10:39:30 INFO  e-commerce:19 - Entered Username, Password
2024-06-26 10:39:32 INFO  e-commerce:23 - Customer roles Page is opened
2024-06-26 10:45:07 INFO  e-commerce:19 - Entered Username, Password
2024-06-26 10:45:09 INFO  e-commerce:23 - Customer roles Page is opened
2024-06-26 10:47:05 INFO  e-commerce:19 - Entered Username, Password
2024-06-26 10:47:08 INFO  e-commerce:23 - Customer roles Page is opened
2024-06-26 10:57:16 INFO  e-commerce:19 - Entered Username, Password
2024-06-26 10:57:19 INFO  e-commerce:23 - Customer roles Page is opened
2024-06-26 10:59:59 INFO  e-commerce:19 - Entered Username, Password
2024-06-26 11:00:01 INFO  e-commerce:23 - Customer roles Page is opened
2024-06-26 11:05:35 INFO  e-commerce:19 - Entered Username, Password
2024-06-26 11:05:37 INFO  e-commerce:23 - Customer roles Page is opened
2024-06-26 11:09:22 INFO  e-commerce:19 - Entered Username, Password
2024-06-26 11:09:24 INFO  e-commerce:23 - Customer roles Page is opened
2024-06-26 11:14:50 INFO  e-commerce:19 - Entered Username, Password
2024-06-26 11:14:52 INFO  e-commerce:23 - Customer roles Page is opened
2024-06-26 11:15:55 INFO  e-commerce:19 - Entered Username, Password
2024-06-26 11:15:58 INFO  e-commerce:23 - Customer roles Page is opened
2024-06-26 11:22:38 INFO  e-commerce:19 - Entered Username, Password
2024-06-26 11:22:39 INFO  e-commerce:23 - Customer roles Page is opened
2024-06-26 11:25:04 INFO  e-commerce:19 - Entered Username, Password
2024-06-26 11:25:06 INFO  e-commerce:23 - Customer roles Page is opened
2024-06-26 11:34:44 INFO  e-commerce:19 - Entered Username, Password
2024-06-26 11:34:47 INFO  e-commerce:23 - Customer roles Page is opened
2024-06-26 12:14:41 INFO  e-commerce:21 - Entered Username, Password
2024-06-26 12:14:42 INFO  e-commerce:25 - Checkout attributes Page is opened
2024-06-26 12:57:24 INFO  e-commerce:21 - Entered Username, Password
2024-06-26 12:57:25 INFO  e-commerce:25 - Checkout attributes Page is opened
2024-06-26 13:27:59 INFO  e-commerce:21 - Entered Username, Password
2024-06-26 13:28:00 INFO  e-commerce:25 - Checkout attributes Page is opened
2024-06-26 15:06:43 INFO  e-commerce:21 - Entered Username, Password
2024-06-26 15:06:46 INFO  e-commerce:25 - Checkout attributes Page is opened
2024-06-26 15:11:23 INFO  e-commerce:21 - Entered Username, Password
2024-06-26 15:11:24 INFO  e-commerce:25 - Checkout attributes Page is opened
2024-06-26 15:18:03 INFO  e-commerce:21 - Entered Username, Password
2024-06-26 15:18:05 INFO  e-commerce:25 - Checkout attributes Page is opened
2024-06-26 15:20:41 INFO  e-commerce:21 - Entered Username, Password
2024-06-26 15:20:42 INFO  e-commerce:25 - Checkout attributes Page is opened
2024-06-26 15:23:20 INFO  e-commerce:21 - Entered Username, Password
2024-06-26 15:23:22 INFO  e-commerce:25 - Checkout attributes Page is opened
2024-06-26 15:26:38 INFO  e-commerce:21 - Entered Username, Password
2024-06-26 15:26:40 INFO  e-commerce:25 - Checkout attributes Page is opened
2024-06-26 15:29:09 INFO  e-commerce:21 - Entered Username, Password
2024-06-26 15:29:11 INFO  e-commerce:25 - Checkout attributes Page is opened
2024-06-27 10:06:14 INFO  e-commerce:21 - Entered Username, Password
2024-06-27 10:06:22 INFO  e-commerce:25 - Checkout attributes Page is opened
2024-06-27 10:10:02 INFO  e-commerce:21 - Entered Username, Password
2024-06-27 10:10:09 INFO  e-commerce:25 - Checkout attributes Page is opened
2024-06-27 10:11:53 INFO  e-commerce:21 - Entered Username, Password
2024-06-27 10:12:00 INFO  e-commerce:25 - Checkout attributes Page is opened
2024-06-27 10:16:02 INFO  e-commerce:21 - Entered Username, Password
2024-06-27 10:16:08 INFO  e-commerce:25 - Checkout attributes Page is opened
2024-06-27 10:18:32 INFO  e-commerce:21 - Entered Username, Password
2024-06-27 10:18:37 INFO  e-commerce:25 - Checkout attributes Page is opened
2024-06-27 10:19:55 INFO  e-commerce:21 - Entered Username, Password
2024-06-27 10:20:07 INFO  e-commerce:25 - Checkout attributes Page is opened
2024-06-27 10:24:15 INFO  e-commerce:21 - Entered Username, Password
2024-06-27 10:24:27 INFO  e-commerce:25 - Checkout attributes Page is opened
2024-06-27 10:42:26 INFO  e-commerce:21 - Entered Username, Password
2024-06-27 10:42:32 INFO  e-commerce:25 - Checkout attributes Page is opened
2024-06-27 11:33:52 INFO  e-commerce:21 - Entered Username, Password
2024-06-27 11:33:57 INFO  e-commerce:25 - Checkout attributes Page is opened
2024-06-27 11:36:32 INFO  e-commerce:21 - Entered Username, Password
2024-06-27 11:37:07 INFO  e-commerce:25 - Checkout attributes Page is opened
2024-06-27 16:49:12 INFO  e-commerce:23 - Entered Username, Password
2024-06-27 16:49:13 INFO  e-commerce:27 - Categories Page is opened
2024-06-27 16:52:06 INFO  e-commerce:23 - Entered Username, Password
2024-06-27 16:52:08 INFO  e-commerce:27 - Categories Page is opened
2024-06-27 17:15:09 INFO  e-commerce:21 - Entered Username, Password
2024-06-27 17:19:07 INFO  e-commerce:21 - Entered Username, Password
2024-06-27 17:30:24 INFO  e-commerce:21 - Entered Username, Password
2024-06-27 17:30:26 INFO  e-commerce:25 - Categories Page is opened
2024-06-27 17:31:08 INFO  e-commerce:21 - Entered Username, Password
2024-06-27 17:31:09 INFO  e-commerce:25 - Categories Page is opened
2024-06-27 17:53:22 INFO  e-commerce:21 - Entered Username, Password
2024-06-27 17:53:23 INFO  e-commerce:25 - Categories Page is opened
2024-06-27 17:54:03 INFO  e-commerce:21 - Entered Username, Password
2024-06-27 17:54:04 INFO  e-commerce:25 - Categories Page is opened
2024-06-27 17:54:45 INFO  e-commerce:21 - Entered Username, Password
2024-06-27 17:54:49 INFO  e-commerce:25 - Categories Page is opened
2024-06-27 18:47:14 INFO  e-commerce:24 - Entered Username, Password
2024-06-27 18:47:16 INFO  e-commerce:28 - Categories Page is opened
2024-06-27 18:50:13 INFO  e-commerce:24 - Entered Username, Password
2024-06-27 18:50:15 INFO  e-commerce:28 - Categories Page is opened
2024-06-27 21:05:30 INFO  e-commerce:24 - Entered Username, Password
2024-06-27 21:05:33 INFO  e-commerce:28 - Categories Page is opened
2024-06-28 10:21:26 INFO  e-commerce:24 - Entered Username, Password
2024-06-28 10:21:30 INFO  e-commerce:28 - Categories Page is opened
2024-06-28 10:29:39 INFO  e-commerce:22 - Entered Username, Password
2024-06-28 10:29:43 INFO  e-commerce:26 - Categories Page is opened
2024-06-28 10:30:29 INFO  e-commerce:22 - Entered Username, Password
2024-06-28 10:31:26 INFO  e-commerce:26 - Categories Page is opened
2024-06-28 10:32:23 INFO  e-commerce:22 - Entered Username, Password
2024-06-28 10:32:52 INFO  e-commerce:26 - Categories Page is opened
2024-06-28 10:34:44 INFO  e-commerce:22 - Entered Username, Password
2024-06-28 10:34:46 INFO  e-commerce:26 - Categories Page is opened
2024-06-28 10:35:48 INFO  e-commerce:22 - Entered Username, Password
2024-06-28 10:35:54 INFO  e-commerce:26 - Categories Page is opened
2024-06-28 10:37:07 INFO  e-commerce:22 - Entered Username, Password
2024-06-28 10:37:21 INFO  e-commerce:26 - Categories Page is opened
2024-06-28 10:38:33 INFO  e-commerce:22 - Entered Username, Password
2024-06-28 10:38:50 INFO  e-commerce:26 - Categories Page is opened
2024-06-28 14:10:17 INFO  e-commerce:22 - Entered Username, Password
2024-06-28 14:10:18 INFO  e-commerce:26 - Categories Page is opened
2024-06-28 14:13:54 INFO  e-commerce:22 - Entered Username, Password
2024-06-28 14:13:56 INFO  e-commerce:26 - Categories Page is opened
2024-06-28 14:16:40 INFO  e-commerce:22 - Entered Username, Password
2024-06-28 14:16:41 INFO  e-commerce:26 - Categories Page is opened
2024-06-28 14:20:04 INFO  e-commerce:22 - Entered Username, Password
2024-06-28 14:20:05 INFO  e-commerce:26 - Categories Page is opened
2024-06-28 14:21:07 INFO  e-commerce:72 - Validation Started!
2024-06-28 14:21:07 INFO  e-commerce:78 - Test case Passed!
2024-06-28 14:51:49 INFO  e-commerce:22 - Entered Username, Password
2024-06-28 14:51:51 INFO  e-commerce:26 - Categories Page is opened
2024-06-28 14:52:52 INFO  e-commerce:74 - Validation Started!
2024-06-28 14:52:52 INFO  e-commerce:80 - Test case Passed!
2024-06-28 14:58:08 INFO  e-commerce:22 - Entered Username, Password
2024-06-28 14:58:09 INFO  e-commerce:26 - Categories Page is opened
2024-06-28 14:59:13 INFO  e-commerce:22 - Entered Username, Password
2024-06-28 14:59:15 INFO  e-commerce:26 - Categories Page is opened
2024-06-28 15:08:43 INFO  e-commerce:22 - Entered Username, Password
2024-06-28 15:08:45 INFO  e-commerce:26 - Categories Page is opened
2024-06-28 15:10:08 INFO  e-commerce:22 - Entered Username, Password
2024-06-28 15:10:09 INFO  e-commerce:26 - Categories Page is opened
2024-06-28 15:14:27 INFO  e-commerce:22 - Entered Username, Password
2024-06-28 15:14:28 INFO  e-commerce:26 - Categories Page is opened
2024-06-28 15:16:21 INFO  e-commerce:22 - Entered Username, Password
2024-06-28 15:16:22 INFO  e-commerce:26 - Categories Page is opened
2024-06-28 15:17:26 INFO  e-commerce:75 - Validation Started!
2024-06-28 15:17:26 INFO  e-commerce:81 - Test case Passed!
2024-06-28 16:20:41 INFO  e-commerce:16 - Entered Username, Password
2024-06-28 16:20:45 INFO  e-commerce:20 - Categories Page is opened
2024-06-28 16:24:02 INFO  e-commerce:17 - Entered Username, Password
2024-06-28 16:24:05 INFO  e-commerce:21 - Categories Page is opened
2024-06-28 16:28:32 INFO  e-commerce:17 - Entered Username, Password
2024-06-28 16:28:35 INFO  e-commerce:21 - Categories Page is opened
2024-06-28 16:30:06 INFO  e-commerce:17 - Entered Username, Password
2024-06-28 16:30:10 INFO  e-commerce:21 - Categories Page is opened
2024-06-28 16:31:48 INFO  e-commerce:17 - Entered Username, Password
2024-06-28 16:31:51 INFO  e-commerce:21 - Categories Page is opened
2024-06-28 16:32:26 INFO  e-commerce:17 - Entered Username, Password
2024-06-28 16:32:28 INFO  e-commerce:21 - Categories Page is opened
2024-06-28 17:05:14 INFO  e-commerce:17 - Entered Username, Password
2024-06-28 17:05:16 INFO  e-commerce:21 - Categories Page is opened
2024-06-28 17:19:46 INFO  e-commerce:17 - Entered Username, Password
2024-06-28 17:19:48 INFO  e-commerce:21 - Categories Page is opened
2024-06-28 17:28:45 INFO  e-commerce:17 - Entered Username, Password
2024-06-28 17:28:47 INFO  e-commerce:21 - Categories Page is opened
2024-06-28 17:29:59 INFO  e-commerce:17 - Entered Username, Password
2024-06-28 17:30:01 INFO  e-commerce:21 - Categories Page is opened
2024-06-28 17:38:33 INFO  e-commerce:17 - Entered Username, Password
2024-06-28 17:38:35 INFO  e-commerce:21 - Categories Page is opened
2024-06-28 17:47:53 INFO  e-commerce:17 - Entered Username, Password
2024-06-28 17:47:56 INFO  e-commerce:21 - Categories Page is opened
2024-06-28 17:50:11 INFO  e-commerce:17 - Entered Username, Password
2024-06-28 17:50:14 INFO  e-commerce:21 - Categories Page is opened
2024-06-28 18:05:30 INFO  e-commerce:17 - Entered Username, Password
2024-06-28 18:05:33 INFO  e-commerce:21 - Categories Page is opened
2024-06-28 18:10:51 INFO  e-commerce:17 - Entered Username, Password
2024-06-28 18:10:54 INFO  e-commerce:21 - Categories Page is opened
2024-06-28 18:12:31 INFO  e-commerce:17 - Entered Username, Password
2024-06-28 18:12:32 INFO  e-commerce:21 - Categories Page is opened
2024-06-28 18:18:45 INFO  e-commerce:17 - Entered Username, Password
2024-06-28 18:18:48 INFO  e-commerce:21 - Categories Page is opened
2024-06-28 18:23:20 INFO  e-commerce:17 - Entered Username, Password
2024-06-28 18:23:22 INFO  e-commerce:21 - Categories Page is opened
2024-06-30 18:55:59 INFO  e-commerce:17 - Entered Username, Password
2024-06-30 18:56:01 INFO  e-commerce:21 - Categories Page is opened
2024-06-30 18:58:05 INFO  e-commerce:17 - Entered Username, Password
2024-06-30 18:58:07 INFO  e-commerce:21 - Categories Page is opened
2024-06-30 18:59:48 INFO  e-commerce:17 - Entered Username, Password
2024-06-30 18:59:50 INFO  e-commerce:21 - Categories Page is opened
2024-06-30 19:00:18 INFO  e-commerce:17 - Entered Username, Password
2024-06-30 19:00:20 INFO  e-commerce:21 - Categories Page is opened
2024-07-01 10:33:53 INFO  e-commerce:18 - Entered Username, Password
2024-07-01 10:33:56 INFO  e-commerce:22 - Categories Page is opened
2024-07-01 10:35:32 INFO  e-commerce:18 - Entered Username, Password
2024-07-01 10:35:34 INFO  e-commerce:22 - Categories Page is opened
2024-07-01 11:06:29 INFO  e-commerce:18 - Entered Username, Password
2024-07-01 11:06:31 INFO  e-commerce:22 - Categories Page is opened
2024-07-01 11:08:20 INFO  e-commerce:18 - Entered Username, Password
2024-07-01 11:08:22 INFO  e-commerce:22 - Categories Page is opened
2024-07-01 11:10:17 INFO  e-commerce:18 - Entered Username, Password
2024-07-01 11:10:20 INFO  e-commerce:22 - Categories Page is opened
2024-07-01 11:13:22 INFO  e-commerce:18 - Entered Username, Password
2024-07-01 11:13:24 INFO  e-commerce:22 - Categories Page is opened
2024-07-01 11:17:53 INFO  e-commerce:18 - Entered Username, Password
2024-07-01 11:17:56 INFO  e-commerce:22 - Categories Page is opened
2024-07-01 11:18:24 INFO  e-commerce:18 - Entered Username, Password
2024-07-01 11:18:25 INFO  e-commerce:22 - Categories Page is opened
2024-07-01 11:39:14 INFO  e-commerce:18 - Entered Username, Password
2024-07-01 11:39:17 INFO  e-commerce:22 - Categories Page is opened
2024-07-01 11:52:12 INFO  e-commerce:18 - Entered Username, Password
2024-07-01 11:52:14 INFO  e-commerce:22 - Categories Page is opened
2024-07-01 11:53:53 INFO  e-commerce:18 - Entered Username, Password
2024-07-01 11:53:55 INFO  e-commerce:22 - Categories Page is opened
2024-07-01 12:12:04 INFO  e-commerce:18 - Entered Username, Password
2024-07-01 12:12:06 INFO  e-commerce:22 - Categories Page is opened
2024-07-01 12:12:36 INFO  e-commerce:18 - Entered Username, Password
2024-07-01 12:12:37 INFO  e-commerce:22 - Categories Page is opened
2024-07-01 12:16:32 INFO  e-commerce:18 - Entered Username, Password
2024-07-01 12:16:33 INFO  e-commerce:22 - Categories Page is opened
2024-07-01 12:35:40 INFO  e-commerce:18 - Entered Username, Password
2024-07-01 12:35:42 INFO  e-commerce:22 - Categories Page is opened
2024-07-01 12:40:09 INFO  e-commerce:18 - Entered Username, Password
2024-07-01 12:40:10 INFO  e-commerce:22 - Categories Page is opened
2024-07-01 12:41:47 INFO  e-commerce:18 - Entered Username, Password
2024-07-01 12:41:48 INFO  e-commerce:22 - Categories Page is opened
2024-07-01 12:51:02 INFO  e-commerce:18 - Entered Username, Password
2024-07-01 12:51:04 INFO  e-commerce:22 - Categories Page is opened
2024-07-01 13:04:13 INFO  e-commerce:19 - Entered Username, Password
2024-07-01 13:04:15 INFO  e-commerce:23 - BestSellers Page is opened
2024-07-01 13:04:23 INFO  e-commerce:53 - Validation Started!
2024-07-01 13:04:23 INFO  e-commerce:59 - Test case Passed!
2024-07-02 11:22:12 INFO  e-commerce:23 - Entered Username, Password
2024-07-02 11:22:28 INFO  e-commerce:27 - Categories Page is opened
2024-07-02 11:24:16 INFO  e-commerce:23 - Entered Username, Password
2024-07-02 11:24:18 INFO  e-commerce:27 - Categories Page is opened
2024-07-02 11:30:56 INFO  e-commerce:22 - Entered Username, Password
2024-07-02 11:30:58 INFO  e-commerce:26 - Categories Page is opened
2024-07-02 11:32:10 INFO  e-commerce:22 - Entered Username, Password
2024-07-02 11:32:11 INFO  e-commerce:26 - Categories Page is opened
2024-07-02 11:36:24 INFO  e-commerce:22 - Entered Username, Password
2024-07-02 11:36:25 INFO  e-commerce:26 - Categories Page is opened
2024-07-02 11:37:45 INFO  e-commerce:22 - Entered Username, Password
2024-07-02 11:37:46 INFO  e-commerce:26 - Categories Page is opened
2024-07-02 11:57:21 INFO  e-commerce:23 - Entered Username, Password
2024-07-02 11:57:23 INFO  e-commerce:27 - Categories Page is opened
2024-07-02 11:58:59 INFO  e-commerce:23 - Entered Username, Password
2024-07-02 11:59:01 INFO  e-commerce:27 - Categories Page is opened
2024-07-02 12:00:06 INFO  e-commerce:23 - Entered Username, Password
2024-07-02 12:00:08 INFO  e-commerce:27 - Categories Page is opened
2024-07-02 12:05:03 INFO  e-commerce:23 - Entered Username, Password
2024-07-02 12:05:06 INFO  e-commerce:27 - Categories Page is opened
2024-07-02 12:08:02 INFO  e-commerce:23 - Entered Username, Password
2024-07-02 12:08:13 INFO  e-commerce:27 - Categories Page is opened
2024-07-02 12:11:31 INFO  e-commerce:23 - Entered Username, Password
2024-07-02 12:11:35 INFO  e-commerce:27 - Categories Page is opened
2024-07-02 12:13:16 INFO  e-commerce:24 - Entered Username, Password
2024-07-02 12:13:18 INFO  e-commerce:28 - Categories Page is opened
2024-07-02 12:18:05 INFO  e-commerce:24 - Entered Username, Password
2024-07-02 12:18:07 INFO  e-commerce:28 - Categories Page is opened
2024-07-02 12:19:58 INFO  e-commerce:24 - Entered Username, Password
2024-07-02 12:19:59 INFO  e-commerce:28 - Categories Page is opened
2024-07-02 12:22:46 INFO  e-commerce:24 - Entered Username, Password
2024-07-02 12:22:47 INFO  e-commerce:28 - Categories Page is opened
2024-07-02 12:24:48 INFO  e-commerce:24 - Entered Username, Password
2024-07-02 12:24:50 INFO  e-commerce:28 - Categories Page is opened
2024-07-02 12:26:01 INFO  e-commerce:24 - Entered Username, Password
2024-07-02 12:26:03 INFO  e-commerce:28 - Categories Page is opened
2024-07-02 12:27:12 INFO  e-commerce:24 - Entered Username, Password
2024-07-02 12:27:14 INFO  e-commerce:28 - Categories Page is opened
2024-07-02 12:28:54 INFO  e-commerce:24 - Entered Username, Password
2024-07-02 12:28:56 INFO  e-commerce:28 - Categories Page is opened
2024-07-02 12:30:18 INFO  e-commerce:24 - Entered Username, Password
2024-07-02 12:30:20 INFO  e-commerce:28 - Categories Page is opened
2024-07-02 12:31:39 INFO  e-commerce:24 - Entered Username, Password
2024-07-02 12:31:41 INFO  e-commerce:28 - Categories Page is opened
2024-07-02 12:31:48 INFO  e-commerce:75 - Validation Started!
2024-07-02 12:31:48 INFO  e-commerce:81 - Test case Passed!
2024-07-02 14:33:46 INFO  e-commerce:24 - Entered Username, Password
2024-07-02 14:33:48 INFO  e-commerce:28 - Categories Page is opened
2024-07-02 14:34:00 INFO  e-commerce:75 - Validation Started!
2024-07-02 14:34:00 INFO  e-commerce:81 - Test case Passed!
2024-07-02 14:35:59 INFO  e-commerce:19 - Entered Username, Password
2024-07-02 14:36:01 INFO  e-commerce:23 - Categories Page is opened
2024-07-02 14:36:14 INFO  e-commerce:70 - Validation Started!
2024-07-02 14:36:14 INFO  e-commerce:76 - Test case Passed!
2024-07-02 14:37:17 INFO  e-commerce:19 - Entered Username, Password
2024-07-02 14:37:20 INFO  e-commerce:23 - Categories Page is opened
2024-07-02 14:41:33 INFO  e-commerce:19 - Entered Username, Password
2024-07-02 14:41:34 INFO  e-commerce:23 - Categories Page is opened
2024-07-02 14:41:47 INFO  e-commerce:70 - Validation Started!
2024-07-02 14:41:47 INFO  e-commerce:76 - Test case Passed!
2024-07-02 14:48:48 INFO  e-commerce:19 - Entered Username, Password
2024-07-02 14:48:50 INFO  e-commerce:23 - Categories Page is opened
2024-07-02 14:49:05 INFO  e-commerce:70 - Validation Started!
2024-07-02 14:49:06 INFO  e-commerce:76 - Test case Passed!
2024-07-09 10:57:18 INFO  e-commerce:22 - Entered Username, Password
2024-07-09 10:57:20 INFO  e-commerce:26 - Checkout attributes Page is opened
2024-07-09 10:59:35 INFO  e-commerce:22 - Entered Username, Password
2024-07-09 11:00:16 INFO  e-commerce:26 - Checkout attributes Page is opened
2024-07-09 11:01:05 INFO  e-commerce:22 - Entered Username, Password
2024-07-09 11:01:08 INFO  e-commerce:26 - Checkout attributes Page is opened
2024-07-09 11:01:57 INFO  e-commerce:22 - Entered Username, Password
2024-07-09 11:01:59 INFO  e-commerce:26 - Checkout attributes Page is opened
2024-07-09 11:04:57 INFO  e-commerce:22 - Entered Username, Password
2024-07-09 11:05:01 INFO  e-commerce:26 - Checkout attributes Page is opened
2024-07-09 11:05:14 INFO  e-commerce:56 - Validation Started!
2024-07-09 11:05:14 INFO  e-commerce:62 - Test case Passed!
2024-07-09 11:20:26 INFO  e-commerce:22 - Entered Username, Password
2024-07-09 11:20:29 INFO  e-commerce:26 - Checkout attributes Page is opened
2024-07-09 11:21:00 INFO  e-commerce:20 - Entered Username, Password
2024-07-09 11:21:01 INFO  e-commerce:24 - Customer roles Page is opened
2024-07-09 11:23:11 INFO  e-commerce:20 - Entered Username, Password
2024-07-09 11:23:13 INFO  e-commerce:24 - Customer roles Page is opened
2024-07-09 11:26:41 INFO  e-commerce:20 - Entered Username, Password
2024-07-09 11:27:03 INFO  e-commerce:24 - Customer roles Page is opened
2024-07-09 11:28:15 INFO  e-commerce:20 - Entered Username, Password
2024-07-09 11:28:59 INFO  e-commerce:24 - Customer roles Page is opened
2024-07-09 11:29:35 INFO  e-commerce:20 - Entered Username, Password
2024-07-09 11:29:56 INFO  e-commerce:24 - Customer roles Page is opened
2024-07-09 11:30:16 INFO  e-commerce:20 - Entered Username, Password
2024-07-09 11:30:23 INFO  e-commerce:24 - Customer roles Page is opened
2024-07-09 11:34:17 INFO  e-commerce:20 - Entered Username, Password
2024-07-09 11:34:19 INFO  e-commerce:24 - Customer roles Page is opened
2024-07-09 11:42:55 INFO  e-commerce:20 - Entered Username, Password
2024-07-09 11:42:57 INFO  e-commerce:24 - Customer roles Page is opened
2024-07-09 11:43:46 INFO  e-commerce:20 - Entered Username, Password
2024-07-09 11:44:24 INFO  e-commerce:24 - Customer roles Page is opened
2024-07-09 11:44:46 INFO  e-commerce:20 - Entered Username, Password
2024-07-09 11:44:53 INFO  e-commerce:24 - Customer roles Page is opened
2024-07-09 11:45:29 INFO  e-commerce:20 - Entered Username, Password
2024-07-09 11:45:50 INFO  e-commerce:24 - Customer roles Page is opened
2024-07-09 11:45:59 INFO  e-commerce:20 - Entered Username, Password
2024-07-09 11:46:06 INFO  e-commerce:24 - Customer roles Page is opened
2024-07-09 11:47:14 INFO  e-commerce:20 - Entered Username, Password
2024-07-09 11:47:26 INFO  e-commerce:24 - Customer roles Page is opened
2024-07-12 10:38:07 INFO  e-commerce:22 - Entered Username, Password
2024-07-12 10:38:11 INFO  e-commerce:26 - Checkout attributes Page is opened
2024-07-12 11:29:57 INFO  e-commerce:22 - Entered Username, Password
2024-07-12 11:29:59 INFO  e-commerce:26 - Checkout attributes Page is opened
2024-07-12 11:30:17 INFO  e-commerce:56 - Validation Started!
2024-07-12 11:30:17 INFO  e-commerce:62 - Test case Passed!
2024-07-12 11:31:47 INFO  e-commerce:21 - Entered Username, Password
2024-07-12 11:34:18 INFO  e-commerce:25 - Customer roles Page is opened
2024-07-12 11:37:09 INFO  e-commerce:21 - Entered Username, Password
2024-07-12 11:37:14 INFO  e-commerce:25 - Customer roles Page is opened
2024-07-12 11:56:29 INFO  e-commerce:21 - Entered Username, Password
2024-07-12 11:56:32 INFO  e-commerce:25 - Customer roles Page is opened
2024-07-12 16:18:00 INFO  e-commerce:21 - Entered Username, Password
2024-07-12 16:18:02 INFO  e-commerce:25 - Customer roles Page is opened
2024-07-15 09:41:35 INFO  e-commerce:21 - Entered Username, Password
2024-07-15 09:41:39 INFO  e-commerce:25 - Customer roles Page is opened
2024-07-15 09:45:26 INFO  e-commerce:21 - Entered Username, Password
2024-07-15 09:45:29 INFO  e-commerce:25 - Customer roles Page is opened
2024-07-15 09:48:13 INFO  e-commerce:21 - Entered Username, Password
2024-07-15 09:48:15 INFO  e-commerce:25 - Customer roles Page is opened
2024-07-15 09:52:40 INFO  e-commerce:21 - Entered Username, Password
2024-07-15 09:52:42 INFO  e-commerce:25 - Customer roles Page is opened
2024-07-15 10:28:33 INFO  e-commerce:21 - Entered Username, Password
2024-07-15 10:28:35 INFO  e-commerce:25 - Customer roles Page is opened
2024-07-15 10:31:14 INFO  e-commerce:21 - Entered Username, Password
2024-07-15 10:31:16 INFO  e-commerce:25 - Customer roles Page is opened
2024-07-15 10:43:43 INFO  e-commerce:21 - Entered Username, Password
2024-07-15 10:43:45 INFO  e-commerce:25 - Customer roles Page is opened
2024-07-15 10:45:29 INFO  e-commerce:21 - Entered Username, Password
2024-07-15 10:45:32 INFO  e-commerce:25 - Customer roles Page is opened
2024-07-15 10:53:32 INFO  e-commerce:21 - Entered Username, Password
2024-07-15 10:53:35 INFO  e-commerce:25 - Customer roles Page is opened
2024-07-15 11:08:31 INFO  e-commerce:21 - Entered Username, Password
2024-07-15 11:08:55 INFO  e-commerce:25 - Customer roles Page is opened
2024-07-15 11:09:31 INFO  e-commerce:22 - Entered Username, Password
2024-07-15 11:09:38 INFO  e-commerce:26 - Customer roles Page is opened
2024-07-15 11:10:51 INFO  e-commerce:22 - Entered Username, Password
2024-07-15 11:10:54 INFO  e-commerce:26 - Customer roles Page is opened
2024-07-15 11:16:48 INFO  e-commerce:22 - Entered Username, Password
2024-07-15 11:16:51 INFO  e-commerce:26 - Customer roles Page is opened
2024-07-15 11:18:39 INFO  e-commerce:22 - Entered Username, Password
2024-07-15 11:18:41 INFO  e-commerce:26 - Customer roles Page is opened
2024-07-15 11:21:21 INFO  e-commerce:22 - Entered Username, Password
2024-07-15 11:21:23 INFO  e-commerce:26 - Customer roles Page is opened
2024-07-15 11:24:31 INFO  e-commerce:22 - Entered Username, Password
2024-07-15 11:24:33 INFO  e-commerce:26 - Customer roles Page is opened
2024-07-15 11:25:19 INFO  e-commerce:22 - Entered Username, Password
2024-07-15 11:25:22 INFO  e-commerce:26 - Customer roles Page is opened
2024-07-15 11:27:37 INFO  e-commerce:22 - Entered Username, Password
2024-07-15 11:27:39 INFO  e-commerce:26 - Customer roles Page is opened
2024-07-15 14:26:24 INFO  e-commerce:22 - Entered Username, Password
2024-07-15 14:26:26 INFO  e-commerce:26 - Customer roles Page is opened
2024-07-15 14:30:26 INFO  e-commerce:22 - Entered Username, Password
2024-07-15 14:30:28 INFO  e-commerce:26 - Customer roles Page is opened
2024-07-15 15:07:51 INFO  e-commerce:22 - Entered Username, Password
2024-07-15 15:07:52 INFO  e-commerce:26 - Customer roles Page is opened
2024-07-15 15:25:50 INFO  e-commerce:22 - Entered Username, Password
2024-07-15 15:25:51 INFO  e-commerce:26 - Customer roles Page is opened
2024-07-15 15:27:08 INFO  e-commerce:22 - Entered Username, Password
2024-07-15 15:27:10 INFO  e-commerce:26 - Customer roles Page is opened
2024-07-15 15:31:55 INFO  e-commerce:17 - Entered Username, Password
2024-07-15 15:31:56 INFO  e-commerce:21 - Customer roles Page is opened
2024-07-15 15:37:44 INFO  e-commerce:17 - Entered Username, Password
2024-07-15 15:37:46 INFO  e-commerce:21 - Customer roles Page is opened
2024-07-15 15:42:33 INFO  e-commerce:17 - Entered Username, Password
2024-07-15 15:42:35 INFO  e-commerce:21 - Customer roles Page is opened
2024-07-15 15:47:31 INFO  e-commerce:17 - Entered Username, Password
2024-07-15 15:47:34 INFO  e-commerce:21 - Customer roles Page is opened
2024-07-15 15:50:41 INFO  e-commerce:17 - Entered Username, Password
2024-07-15 15:50:44 INFO  e-commerce:21 - Customer roles Page is opened
2024-07-15 15:58:30 INFO  e-commerce:17 - Entered Username, Password
2024-07-15 15:58:31 INFO  e-commerce:21 - Customer roles Page is opened
2024-07-15 16:05:38 INFO  e-commerce:17 - Entered Username, Password
2024-07-15 16:05:40 INFO  e-commerce:21 - Customer roles Page is opened
2024-07-15 16:14:31 INFO  e-commerce:17 - Entered Username, Password
2024-07-15 16:14:33 INFO  e-commerce:21 - Customer roles Page is opened
2024-07-24 10:26:39 INFO  e-commerce:20 - Entered Username, Password
2024-07-24 10:26:43 INFO  e-commerce:24 - Customers Page is opened
2024-07-24 10:26:56 INFO  e-commerce:64 - Validation Started!
2024-07-24 10:26:56 INFO  e-commerce:70 - Test case Passed!
2024-07-24 10:53:39 INFO  e-commerce:22 - Entered Username, Password
2024-07-24 10:53:45 INFO  e-commerce:26 - Discounts Page is opened
2024-07-24 10:55:27 INFO  e-commerce:22 - Entered Username, Password
2024-07-24 10:55:31 INFO  e-commerce:26 - Discounts Page is opened
2024-07-24 10:58:49 INFO  e-commerce:19 - Entered Username, Password
2024-07-24 10:59:40 INFO  e-commerce:23 - Discounts Page is opened
2024-07-24 10:59:59 INFO  e-commerce:19 - Entered Username, Password
2024-07-24 11:00:14 INFO  e-commerce:23 - Discounts Page is opened
2024-07-24 11:01:04 INFO  e-commerce:19 - Entered Username, Password
2024-07-24 11:01:06 INFO  e-commerce:23 - Discounts Page is opened
2024-07-24 11:05:35 INFO  e-commerce:19 - Entered Username, Password
2024-07-24 11:05:38 INFO  e-commerce:23 - Discounts Page is opened
2024-07-24 11:06:05 INFO  e-commerce:65 - Validation Started!
2024-07-24 11:06:05 INFO  e-commerce:74 - Test case Failed!
2024-07-24 11:28:43 INFO  e-commerce:20 - Entered Username, Password
2024-07-24 11:28:46 INFO  e-commerce:24 - Manufacturers Page is opened
2024-07-24 11:31:28 INFO  e-commerce:20 - Entered Username, Password
2024-07-24 11:31:54 INFO  e-commerce:24 - Manufacturers Page is opened
2024-07-24 11:32:17 INFO  e-commerce:20 - Entered Username, Password
2024-07-24 11:32:19 INFO  e-commerce:24 - Manufacturers Page is opened
2024-07-24 11:43:04 INFO  e-commerce:20 - Entered Username, Password
2024-07-24 11:43:10 INFO  e-commerce:24 - Manufacturers Page is opened
2024-07-24 11:44:46 INFO  e-commerce:20 - Entered Username, Password
2024-07-24 15:06:18 INFO  e-commerce:19 - Entered Username, Password
2024-07-24 15:06:20 INFO  e-commerce:23 - Manufacturers Page is opened
2024-07-24 15:12:09 INFO  e-commerce:19 - Entered Username, Password
2024-07-24 15:12:12 INFO  e-commerce:23 - Manufacturers Page is opened
2024-07-30 11:28:17 INFO  e-commerce:20 - Entered Username, Password
2024-07-30 11:28:20 INFO  e-commerce:24 - Product attributes Page is opened
2024-07-30 11:31:02 INFO  e-commerce:20 - Entered Username, Password
2024-07-30 11:31:06 INFO  e-commerce:24 - Product attributes Page is opened
2024-07-30 11:33:51 INFO  e-commerce:20 - Entered Username, Password
2024-07-30 11:33:54 INFO  e-commerce:24 - Product attributes Page is opened
2024-07-30 11:34:07 INFO  e-commerce:48 - Validation Started!
2024-07-30 11:34:07 INFO  e-commerce:54 - Test Case Passed
2024-07-30 12:08:40 INFO  e-commerce:19 - Entered Username, Password
2024-07-30 12:08:42 INFO  e-commerce:23 - Product reviews Page is opened
2024-07-30 12:09:25 INFO  e-commerce:19 - Entered Username, Password
2024-07-30 12:09:32 INFO  e-commerce:23 - Product reviews Page is opened
2024-07-30 12:10:27 INFO  e-commerce:19 - Entered Username, Password
2024-07-30 12:10:31 INFO  e-commerce:23 - Product reviews Page is opened
2024-07-30 12:10:42 INFO  e-commerce:48 - Validation Started!
2024-07-30 12:10:42 INFO  e-commerce:54 - Test Case Passed
2024-08-21 10:57:33 INFO  e-commerce:24 - Entered Username, Password
2024-08-21 10:58:19 INFO  e-commerce:24 - Entered Username, Password
2024-08-21 10:59:21 INFO  e-commerce:24 - Entered Username, Password
2024-08-21 11:05:21 INFO  e-commerce:20 - Entered Username, Password
2024-08-21 11:50:18 INFO  e-commerce:19 - Entered Username, Password
2024-08-21 15:06:30 INFO  e-commerce:24 - Entered Username, Password
2024-08-21 15:09:47 INFO  e-commerce:24 - Entered Username, Password
2024-08-21 15:14:37 INFO  e-commerce:24 - Entered Username, Password
2024-08-21 15:54:22 INFO  e-commerce:20 - Entered Username, Password
2024-08-21 15:55:10 INFO  e-commerce:20 - Entered Username, Password
2024-08-21 15:58:39 INFO  e-commerce:20 - Entered Username, Password
2024-08-21 16:02:50 INFO  e-commerce:24 - Entered Username, Password
2024-08-21 16:07:34 INFO  e-commerce:19 - Entered Username, Password
2024-08-21 16:09:18 INFO  e-commerce:25 - Entered Username, Password
2024-08-21 16:13:59 INFO  e-commerce:19 - Entered Username, Password
2024-08-21 16:19:10 INFO  e-commerce:25 - Entered Username, Password
2024-08-21 16:30:52 INFO  e-commerce:25 - Entered Username, Password
2024-08-21 16:35:58 INFO  e-commerce:24 - Entered Username, Password
2024-08-21 19:46:14 INFO  e-commerce:22 - Entered Username, Password
2024-08-21 19:49:32 INFO  e-commerce:22 - Entered Username, Password
2024-08-21 20:00:23 INFO  e-commerce:19 - Entered Username, Password
2024-08-21 20:06:22 INFO  e-commerce:20 - Entered Username, Password
2024-08-22 20:06:54 INFO  e-commerce:19 - Entered Username, Password
2024-08-22 20:06:57 INFO  e-commerce:23 - Logout Page is opened
2024-08-22 20:07:06 INFO  e-commerce:29 - Validation Started!
2024-08-22 20:07:06 INFO  e-commerce:35 - Test Case Passed
2024-08-22 20:07:27 INFO  e-commerce:19 - Entered Username, Password
2024-08-22 20:07:30 INFO  e-commerce:23 - Categories Page is opened
2024-08-22 20:07:49 INFO  e-commerce:70 - Validation Started!
2024-08-22 20:07:49 INFO  e-commerce:76 - Test case Passed!
2024-08-22 20:08:54 INFO  e-commerce:17 - Entered Username, Password
2024-08-22 20:08:56 INFO  e-commerce:21 - Customer roles Page is opened
2024-08-23 10:12:45 INFO  e-commerce:19 - Entered Username, Password
2024-08-23 10:29:26 INFO  e-commerce:21 - Entered Username, Password
2024-08-23 10:58:58 INFO  e-commerce:24 - Entered Username, Password
2024-08-23 11:27:05 INFO  e-commerce:19 - Entered Username, Password
2024-08-23 17:52:06 INFO  e-commerce:20 - Entered Username, Password
2024-08-26 11:50:02 INFO  e-commerce:20 - Entered Username, Password
2024-08-26 11:50:03 INFO  e-commerce:24 - Product tags Page is opened
2024-08-26 11:54:52 INFO  e-commerce:20 - Entered Username, Password
2024-08-26 11:54:53 INFO  e-commerce:24 - Product tags Page is opened
2024-08-28 10:15:12 INFO  e-commerce:20 - Entered Username, Password
2024-08-28 10:15:23 INFO  e-commerce:24 - Checkout attributes Page is opened
2024-08-28 10:16:09 INFO  e-commerce:20 - Entered Username, Password
2024-08-28 10:16:12 INFO  e-commerce:24 - Checkout attributes Page is opened
2024-08-28 10:16:45 INFO  e-commerce:20 - Entered Username, Password
2024-08-28 10:16:47 INFO  e-commerce:24 - Checkout attributes Page is opened
2024-09-09 11:34:00 INFO  e-commerce:20 - Entered Username, Password
2024-09-09 11:34:01 INFO  e-commerce:24 - Checkout attributes Page is opened
